<?xml version="1.0" encoding="UTF-8"?>
<!-- Generated by org.testng.reporters.JUnitXMLReporter -->
<testsuite ignored="0" hostname="LPDEV01" failures="0" tests="5" name="LeaseCloseOutsTest" time="1645.055" errors="0" timestamp="2024-04-08T16:27:32 IST">
  <testcase classname="mainPackage.RunnerClass" name="testMethod" time="520.23"/>
  <testcase classname="mainPackage.RunnerClass" name="testMethod" time="763.163"/>
  <testcase classname="mainPackage.RunnerClass" name="testMethod" time="619.041"/>
  <testcase classname="mainPackage.RunnerClass" name="testMethod" time="710.572"/>
  <testcase classname="mainPackage.RunnerClass" name="testMethod" time="459.595"/>
</testsuite> <!-- LeaseCloseOutsTest -->
