<?xml version="1.0" encoding="UTF-8"?>
<!-- Generated by org.testng.reporters.JUnitXMLReporter -->
<testsuite ignored="0" hostname="LPDEV01" failures="0" tests="4" name="LeaseCloseOutsTest" time="444.438" errors="0" timestamp="2024-07-02T11:12:23 IST">
  <testcase classname="mainPackage.RunnerClass" name="testMethod" time="174.557"/>
  <testcase classname="mainPackage.RunnerClass" name="testMethod" time="230.437"/>
  <testcase classname="mainPackage.RunnerClass" name="testMethod" time="182.363"/>
  <testcase classname="mainPackage.RunnerClass" name="testMethod" time="181.635"/>
</testsuite> <!-- LeaseCloseOutsTest -->
