<?xml version="1.0" encoding="UTF-8"?>
<!-- Generated by org.testng.reporters.JUnitXMLReporter -->
<testsuite ignored="0" hostname="LPDEV01" failures="0" tests="5" name="Default test" time="14644.027" errors="0" timestamp="2024-04-04T15:39:02 IST">
  <testcase classname="mainPackage.RunnerClass" name="testMethod" time="409.395"/>
  <testcase classname="mainPackage.RunnerClass" name="testMethod" time="502.722"/>
  <testcase classname="mainPackage.RunnerClass" name="testMethod" time="603.604"/>
  <testcase classname="mainPackage.RunnerClass" name="testMethod" time="14596.411"/>
  <testcase classname="mainPackage.RunnerClass" name="testMethod" time="14620.448"/>
</testsuite> <!-- Default test -->
