<?xml version="1.0" encoding="UTF-8"?>
<testng-results ignored="0" total="0" passed="0" failed="0" skipped="0">
  <reporter-output>
  </reporter-output>
  <suite started-at="2024-07-02T13:02:37 IST" name="LeaseCloseOutsSuite" finished-at="2024-07-02T13:02:41 IST" duration-ms="3272">
    <groups>
    </groups>
    <test started-at="2024-07-02T13:02:37 IST" name="LeaseCloseOutsTest" finished-at="2024-07-02T13:02:41 IST" duration-ms="3272">
    </test> <!-- LeaseCloseOutsTest -->
  </suite> <!-- LeaseCloseOutsSuite -->
</testng-results>
