<?xml version="1.0" encoding="UTF-8"?>
<testng-results ignored="0" total="5" passed="5" failed="0" skipped="0">
  <reporter-output>
  </reporter-output>
  <suite started-at="2024-04-11T18:01:53 IST" name="LeaseCloseOutsSuite" finished-at="2024-04-11T18:12:44 IST" duration-ms="650269">
    <groups>
    </groups>
    <test started-at="2024-04-11T18:01:53 IST" name="LeaseCloseOutsTest" finished-at="2024-04-11T18:12:44 IST" duration-ms="650269">
      <class name="mainPackage.RunnerClass">
        <test-method is-config="true" signature="setUp()[pri:0, instance:mainPackage.RunnerClass@49e5f737]" started-at="2024-04-11T18:01:57 IST" name="setUp" finished-at="2024-04-11T18:02:16 IST" duration-ms="19165" status="PASS">
          <reporter-output>
          </reporter-output>
        </test-method> <!-- setUp -->
        <test-method is-config="true" signature="setUp()[pri:0, instance:mainPackage.RunnerClass@49e5f737]" started-at="2024-04-11T18:01:57 IST" name="setUp" finished-at="2024-04-11T18:02:18 IST" duration-ms="20858" status="PASS">
          <reporter-output>
          </reporter-output>
        </test-method> <!-- setUp -->
        <test-method is-config="true" signature="setUp()[pri:0, instance:mainPackage.RunnerClass@49e5f737]" started-at="2024-04-11T18:01:57 IST" name="setUp" finished-at="2024-04-11T18:02:17 IST" duration-ms="20298" status="PASS">
          <reporter-output>
          </reporter-output>
        </test-method> <!-- setUp -->
        <test-method signature="testMethod(java.lang.String,java.lang.String,java.lang.String,java.lang.String)[pri:0, instance:mainPackage.RunnerClass@49e5f737]" started-at="2024-04-11T18:02:16 IST" name="testMethod" data-provider="testData" finished-at="2024-04-11T18:10:02 IST" duration-ms="466578" status="PASS">
          <params>
            <param index="0">
              <value>
                <![CDATA[11109]]>
              </value>
            </param>
            <param index="1">
              <value>
                <![CDATA[Dallas/Fort Worth]]>
              </value>
            </param>
            <param index="2">
              <value>
                <![CDATA[2716LENWAYST]]>
              </value>
            </param>
            <param index="3">
              <value>
                <![CDATA[Lowe, C._2]]>
              </value>
            </param>
          </params>
          <reporter-output>
          </reporter-output>
        </test-method> <!-- testMethod -->
        <test-method signature="testMethod(java.lang.String,java.lang.String,java.lang.String,java.lang.String)[pri:0, instance:mainPackage.RunnerClass@49e5f737]" started-at="2024-04-11T18:02:17 IST" name="testMethod" data-provider="testData" finished-at="2024-04-11T18:07:17 IST" duration-ms="300318" status="PASS">
          <params>
            <param index="0">
              <value>
                <![CDATA[11111]]>
              </value>
            </param>
            <param index="1">
              <value>
                <![CDATA[Florida]]>
              </value>
            </param>
            <param index="2">
              <value>
                <![CDATA[9717 W Carbondale]]>
              </value>
            </param>
            <param index="3">
              <value>
                <![CDATA[Davis, S._4]]>
              </value>
            </param>
          </params>
          <reporter-output>
          </reporter-output>
        </test-method> <!-- testMethod -->
        <test-method signature="testMethod(java.lang.String,java.lang.String,java.lang.String,java.lang.String)[pri:0, instance:mainPackage.RunnerClass@49e5f737]" started-at="2024-04-11T18:02:18 IST" name="testMethod" data-provider="testData" finished-at="2024-04-11T18:09:32 IST" duration-ms="434493" status="PASS">
          <params>
            <param index="0">
              <value>
                <![CDATA[11110]]>
              </value>
            </param>
            <param index="1">
              <value>
                <![CDATA[Dallas/Fort Worth]]>
              </value>
            </param>
            <param index="2">
              <value>
                <![CDATA[308CORALREE]]>
              </value>
            </param>
            <param index="3">
              <value>
                <![CDATA[Martinez-Morrison, J.]]>
              </value>
            </param>
          </params>
          <reporter-output>
          </reporter-output>
        </test-method> <!-- testMethod -->
        <test-method is-config="true" signature="setUp()[pri:0, instance:mainPackage.RunnerClass@49e5f737]" started-at="2024-04-11T18:07:17 IST" name="setUp" finished-at="2024-04-11T18:07:30 IST" duration-ms="12468" status="PASS">
          <reporter-output>
          </reporter-output>
        </test-method> <!-- setUp -->
        <test-method signature="testMethod(java.lang.String,java.lang.String,java.lang.String,java.lang.String)[pri:0, instance:mainPackage.RunnerClass@49e5f737]" started-at="2024-04-11T18:07:30 IST" name="testMethod" data-provider="testData" finished-at="2024-04-11T18:12:11 IST" duration-ms="281243" status="PASS">
          <params>
            <param index="0">
              <value>
                <![CDATA[1152]]>
              </value>
            </param>
            <param index="1">
              <value>
                <![CDATA[Indiana]]>
              </value>
            </param>
            <param index="2">
              <value>
                <![CDATA[WIND2022 - (2022 Windy Hill Lane)_FAL75936]]>
              </value>
            </param>
            <param index="3">
              <value>
                <![CDATA[Friede - Dove - Dove]]>
              </value>
            </param>
          </params>
          <reporter-output>
          </reporter-output>
        </test-method> <!-- testMethod -->
        <test-method is-config="true" signature="setUp()[pri:0, instance:mainPackage.RunnerClass@49e5f737]" started-at="2024-04-11T18:09:32 IST" name="setUp" finished-at="2024-04-11T18:09:45 IST" duration-ms="13411" status="PASS">
          <reporter-output>
          </reporter-output>
        </test-method> <!-- setUp -->
        <test-method signature="testMethod(java.lang.String,java.lang.String,java.lang.String,java.lang.String)[pri:0, instance:mainPackage.RunnerClass@49e5f737]" started-at="2024-04-11T18:09:45 IST" name="testMethod" data-provider="testData" finished-at="2024-04-11T18:12:44 IST" duration-ms="178228" status="PASS">
          <params>
            <param index="0">
              <value>
                <![CDATA[11112]]>
              </value>
            </param>
            <param index="1">
              <value>
                <![CDATA[Indiana]]>
              </value>
            </param>
            <param index="2">
              <value>
                <![CDATA[WIND2022]]>
              </value>
            </param>
            <param index="3">
              <value>
                <![CDATA[Roberts, K.]]>
              </value>
            </param>
          </params>
          <reporter-output>
          </reporter-output>
        </test-method> <!-- testMethod -->
      </class> <!-- mainPackage.RunnerClass -->
    </test> <!-- LeaseCloseOutsTest -->
  </suite> <!-- LeaseCloseOutsSuite -->
</testng-results>
